[debug] [2021-05-14T15:07:50.214Z] ----------------------------------------------------------------------
[debug] [2021-05-14T15:07:50.217Z] Command:       /usr/local/Cellar/node/14.4.0/bin/node /usr/local/bin/firebase serve --only functions
[debug] [2021-05-14T15:07:50.217Z] CLI Version:   9.10.0
[debug] [2021-05-14T15:07:50.218Z] Platform:      darwin
[debug] [2021-05-14T15:07:50.218Z] Node Version:  v14.4.0
[debug] [2021-05-14T15:07:50.242Z] Time:          Fri May 14 2021 09:07:50 GMT-0600 (Mountain Daylight Time)
[debug] [2021-05-14T15:07:50.243Z] ----------------------------------------------------------------------
[debug] 
[debug] [2021-05-14T15:07:50.248Z] >>> [apiv2][query] GET https://firebase-public.firebaseio.com/cli.json [none]
[debug] [2021-05-14T15:07:50.272Z] > command requires scopes: ["email","openid","https://www.googleapis.com/auth/cloudplatformprojects.readonly","https://www.googleapis.com/auth/firebase","https://www.googleapis.com/auth/cloud-platform"]
[debug] [2021-05-14T15:07:50.273Z] > authorizing via signed-in user (lovethyneighbor.dev@gmail.com)
[debug] [2021-05-14T15:07:50.273Z] [iam] checking project lovethyneighbor-958d5 for permissions ["firebase.projects.get"]
[debug] [2021-05-14T15:07:50.275Z] > refreshing access token with scopes: ["email","https://www.googleapis.com/auth/cloud-platform","https://www.googleapis.com/auth/cloudplatformprojects.readonly","https://www.googleapis.com/auth/firebase","openid"]
[debug] [2021-05-14T15:07:50.275Z] >>> HTTP REQUEST POST https://www.googleapis.com/oauth2/v3/token  
 <request body omitted>
[debug] [2021-05-14T15:07:50.333Z] [iam] error while checking permissions, command may fail: FirebaseError: Authentication Error: Your credentials are no longer valid. Please run firebase login --reauth

For CI servers and headless environments, generate a new token with firebase login:ci
[debug] [2021-05-14T15:07:50.333Z] > refreshing access token with scopes: []
[debug] [2021-05-14T15:07:50.334Z] >>> HTTP REQUEST POST https://www.googleapis.com/oauth2/v3/token  
 <request body omitted>
[debug] [2021-05-14T15:07:50.349Z] Authentication Error: Your credentials are no longer valid. Please run firebase login --reauth

For CI servers and headless environments, generate a new token with firebase login:ci
[debug] [2021-05-14T15:07:50.359Z] FirebaseError: Authentication Error: Your credentials are no longer valid. Please run firebase login --reauth

For CI servers and headless environments, generate a new token with firebase login:ci
    at invalidCredentialError (/usr/local/lib/node_modules/firebase-tools/lib/auth.js:141:12)
    at refreshTokens (/usr/local/lib/node_modules/firebase-tools/lib/auth.js:450:15)
    at processTicksAndRejections (internal/process/task_queues.js:97:5)
    at async Client.getAccessToken (/usr/local/lib/node_modules/firebase-tools/lib/apiv2.js:144:23)
    at async Client.addAuthHeader (/usr/local/lib/node_modules/firebase-tools/lib/apiv2.js:135:21)
    at async Client.request (/usr/local/lib/node_modules/firebase-tools/lib/apiv2.js:93:34)
    at async Object.getFirebaseProject (/usr/local/lib/node_modules/firebase-tools/lib/management/projects.js:290:21)
    at async getProjectNumber (/usr/local/lib/node_modules/firebase-tools/lib/getProjectNumber.js:11:22)
    at async /usr/local/lib/node_modules/firebase-tools/lib/command.js:169:17
[error] 
[error] Error: Failed to get Firebase project lovethyneighbor-958d5. Please make sure the project exists and your account has permission to access it.
[debug] [2021-05-14T15:18:46.612Z] ----------------------------------------------------------------------
[debug] [2021-05-14T15:18:46.615Z] Command:       /usr/local/Cellar/node/14.4.0/bin/node /usr/local/bin/firebase serve --only functions
[debug] [2021-05-14T15:18:46.616Z] CLI Version:   9.10.0
[debug] [2021-05-14T15:18:46.616Z] Platform:      darwin
[debug] [2021-05-14T15:18:46.616Z] Node Version:  v14.4.0
[debug] [2021-05-14T15:18:46.618Z] Time:          Fri May 14 2021 09:18:46 GMT-0600 (Mountain Daylight Time)
[debug] [2021-05-14T15:18:46.619Z] ----------------------------------------------------------------------
[debug] 
[debug] [2021-05-14T15:18:46.627Z] >>> [apiv2][query] GET https://firebase-public.firebaseio.com/cli.json [none]
[debug] [2021-05-14T15:18:46.652Z] > command requires scopes: ["email","openid","https://www.googleapis.com/auth/cloudplatformprojects.readonly","https://www.googleapis.com/auth/firebase","https://www.googleapis.com/auth/cloud-platform"]
[debug] [2021-05-14T15:18:46.652Z] > authorizing via signed-in user (lovethyneighbor.dev@gmail.com)
[debug] [2021-05-14T15:18:46.652Z] [iam] checking project lovethyneighbor-958d5 for permissions ["firebase.projects.get"]
[debug] [2021-05-14T15:18:46.654Z] > refreshing access token with scopes: ["email","https://www.googleapis.com/auth/cloud-platform","https://www.googleapis.com/auth/cloudplatformprojects.readonly","https://www.googleapis.com/auth/firebase","openid"]
[debug] [2021-05-14T15:18:46.654Z] >>> HTTP REQUEST POST https://www.googleapis.com/oauth2/v3/token  
 <request body omitted>
[debug] [2021-05-14T15:18:46.676Z] [iam] error while checking permissions, command may fail: FirebaseError: Authentication Error: Your credentials are no longer valid. Please run firebase login --reauth

For CI servers and headless environments, generate a new token with firebase login:ci
[debug] [2021-05-14T15:18:46.677Z] > refreshing access token with scopes: []
[debug] [2021-05-14T15:18:46.677Z] >>> HTTP REQUEST POST https://www.googleapis.com/oauth2/v3/token  
 <request body omitted>
[debug] [2021-05-14T15:18:46.680Z] Authentication Error: Your credentials are no longer valid. Please run firebase login --reauth

For CI servers and headless environments, generate a new token with firebase login:ci
[debug] [2021-05-14T15:18:46.682Z] FirebaseError: Authentication Error: Your credentials are no longer valid. Please run firebase login --reauth

For CI servers and headless environments, generate a new token with firebase login:ci
    at invalidCredentialError (/usr/local/lib/node_modules/firebase-tools/lib/auth.js:141:12)
    at refreshTokens (/usr/local/lib/node_modules/firebase-tools/lib/auth.js:450:15)
    at processTicksAndRejections (internal/process/task_queues.js:97:5)
    at async Client.getAccessToken (/usr/local/lib/node_modules/firebase-tools/lib/apiv2.js:144:23)
    at async Client.addAuthHeader (/usr/local/lib/node_modules/firebase-tools/lib/apiv2.js:135:21)
    at async Client.request (/usr/local/lib/node_modules/firebase-tools/lib/apiv2.js:93:34)
    at async Object.getFirebaseProject (/usr/local/lib/node_modules/firebase-tools/lib/management/projects.js:290:21)
    at async getProjectNumber (/usr/local/lib/node_modules/firebase-tools/lib/getProjectNumber.js:11:22)
    at async /usr/local/lib/node_modules/firebase-tools/lib/command.js:169:17
[error] 
[error] Error: Failed to get Firebase project lovethyneighbor-958d5. Please make sure the project exists and your account has permission to access it.
[debug] [2021-05-14T15:23:36.086Z] ----------------------------------------------------------------------
[debug] [2021-05-14T15:23:36.089Z] Command:       /usr/local/Cellar/node/14.4.0/bin/node /usr/local/bin/firebase serve --only functions
[debug] [2021-05-14T15:23:36.090Z] CLI Version:   9.10.0
[debug] [2021-05-14T15:23:36.090Z] Platform:      darwin
[debug] [2021-05-14T15:23:36.090Z] Node Version:  v14.4.0
[debug] [2021-05-14T15:23:36.093Z] Time:          Fri May 14 2021 09:23:36 GMT-0600 (Mountain Daylight Time)
[debug] [2021-05-14T15:23:36.093Z] ----------------------------------------------------------------------
[debug] 
[debug] [2021-05-14T15:23:36.098Z] >>> [apiv2][query] GET https://firebase-public.firebaseio.com/cli.json [none]
[debug] [2021-05-14T15:23:36.123Z] > command requires scopes: ["email","openid","https://www.googleapis.com/auth/cloudplatformprojects.readonly","https://www.googleapis.com/auth/firebase","https://www.googleapis.com/auth/cloud-platform"]
[debug] [2021-05-14T15:23:36.123Z] > authorizing via signed-in user (lovethyneighbor.dev@gmail.com)
[debug] [2021-05-14T15:23:36.123Z] [iam] checking project lovethyneighbor-958d5 for permissions ["firebase.projects.get"]
[debug] [2021-05-14T15:23:36.125Z] > refreshing access token with scopes: ["email","https://www.googleapis.com/auth/cloud-platform","https://www.googleapis.com/auth/cloudplatformprojects.readonly","https://www.googleapis.com/auth/firebase","openid"]
[debug] [2021-05-14T15:23:36.125Z] >>> HTTP REQUEST POST https://www.googleapis.com/oauth2/v3/token  
 <request body omitted>
[debug] [2021-05-14T15:23:36.331Z] <<< HTTP RESPONSE 200 {"pragma":"no-cache","cache-control":"no-cache, no-store, max-age=0, must-revalidate","expires":"Mon, 01 Jan 1990 00:00:00 GMT","date":"Fri, 14 May 2021 15:23:36 GMT","content-type":"application/json; charset=utf-8","vary":"X-Origin, Referer, Origin,Accept-Encoding","server":"scaffolding on HTTPServer2","x-xss-protection":"0","x-frame-options":"SAMEORIGIN","x-content-type-options":"nosniff","alt-svc":"h3-29=\":443\"; ma=2592000,h3-T051=\":443\"; ma=2592000,h3-Q050=\":443\"; ma=2592000,h3-Q046=\":443\"; ma=2592000,h3-Q043=\":443\"; ma=2592000,quic=\":443\"; ma=2592000; v=\"46,43\"","accept-ranges":"none","transfer-encoding":"chunked"}
[debug] [2021-05-14T15:23:36.430Z] >>> HTTP REQUEST POST https://cloudresourcemanager.googleapis.com/v1/projects/lovethyneighbor-958d5:testIamPermissions  
 {"permissions":["firebase.projects.get"]}
[debug] [2021-05-14T15:23:36.621Z] <<< [apiv2][status] GET https://firebase-public.firebaseio.com/cli.json 200
[debug] [2021-05-14T15:23:36.621Z] <<< [apiv2][body] GET https://firebase-public.firebaseio.com/cli.json {"cloudBuildErrorAfter":1594252800000,"cloudBuildWarnAfter":1590019200000,"defaultNode10After":1594252800000,"minVersion":"3.0.5","node8DeploysDisabledAfter":1613390400000,"node8RuntimeDisabledAfter":1615809600000,"node8WarnAfter":1600128000000}
[debug] [2021-05-14T15:23:36.688Z] <<< HTTP RESPONSE 200 {"content-type":"application/json; charset=UTF-8","vary":"X-Origin, Referer, Origin,Accept-Encoding","date":"Fri, 14 May 2021 15:23:36 GMT","server":"ESF","cache-control":"private","x-xss-protection":"0","x-frame-options":"SAMEORIGIN","x-content-type-options":"nosniff","server-timing":"gfet4t7; dur=93","alt-svc":"h3-29=\":443\"; ma=2592000,h3-T051=\":443\"; ma=2592000,h3-Q050=\":443\"; ma=2592000,h3-Q046=\":443\"; ma=2592000,h3-Q043=\":443\"; ma=2592000,quic=\":443\"; ma=2592000; v=\"46,43\"","accept-ranges":"none","transfer-encoding":"chunked"}
[debug] [2021-05-14T15:23:36.690Z] > refreshing access token with scopes: []
[debug] [2021-05-14T15:23:36.691Z] >>> HTTP REQUEST POST https://www.googleapis.com/oauth2/v3/token  
 <request body omitted>
[debug] [2021-05-14T15:23:36.870Z] <<< HTTP RESPONSE 200 {"expires":"Mon, 01 Jan 1990 00:00:00 GMT","date":"Fri, 14 May 2021 15:23:36 GMT","cache-control":"no-cache, no-store, max-age=0, must-revalidate","pragma":"no-cache","content-type":"application/json; charset=utf-8","vary":"X-Origin, Referer, Origin,Accept-Encoding","server":"scaffolding on HTTPServer2","x-xss-protection":"0","x-frame-options":"SAMEORIGIN","x-content-type-options":"nosniff","alt-svc":"h3-29=\":443\"; ma=2592000,h3-T051=\":443\"; ma=2592000,h3-Q050=\":443\"; ma=2592000,h3-Q046=\":443\"; ma=2592000,h3-Q043=\":443\"; ma=2592000,quic=\":443\"; ma=2592000; v=\"46,43\"","accept-ranges":"none","transfer-encoding":"chunked"}
[debug] [2021-05-14T15:23:36.905Z] >>> [apiv2][query] GET https://firebase.googleapis.com/v1beta1/projects/lovethyneighbor-958d5 [none]
[debug] [2021-05-14T15:23:37.262Z] <<< [apiv2][status] GET https://firebase.googleapis.com/v1beta1/projects/lovethyneighbor-958d5 200
[debug] [2021-05-14T15:23:37.263Z] <<< [apiv2][body] GET https://firebase.googleapis.com/v1beta1/projects/lovethyneighbor-958d5 {"projectId":"lovethyneighbor-958d5","projectNumber":"1091361874687","displayName":"LoveThyNeighbor","name":"projects/lovethyneighbor-958d5","resources":{"hostingSite":"lovethyneighbor-958d5"},"state":"ACTIVE"}
[warn] ⚠  Your requested "node" version "12" doesn't match your global version "14" {"metadata":{"emulator":{"name":"functions"},"message":"Your requested \"node\" version \"12\" doesn't match your global version \"14\""}}
[debug] [2021-05-14T15:23:37.281Z] defaultcredentials: writing to file /Users/Hawley/.config/firebase/lovethyneighbor_dev_gmail.com_application_default_credentials.json
[debug] [2021-05-14T15:23:37.285Z] Setting GAC to /Users/Hawley/.config/firebase/lovethyneighbor_dev_gmail.com_application_default_credentials.json {"metadata":{"emulator":{"name":"functions"},"message":"Setting GAC to /Users/Hawley/.config/firebase/lovethyneighbor_dev_gmail.com_application_default_credentials.json"}}
[debug] [2021-05-14T15:23:37.286Z] >>> [apiv2][query] GET https://firebase.googleapis.com/v1beta1/projects/lovethyneighbor-958d5/adminSdkConfig [none]
[debug] [2021-05-14T15:23:37.476Z] <<< [apiv2][status] GET https://firebase.googleapis.com/v1beta1/projects/lovethyneighbor-958d5/adminSdkConfig 200
[debug] [2021-05-14T15:23:37.476Z] <<< [apiv2][body] GET https://firebase.googleapis.com/v1beta1/projects/lovethyneighbor-958d5/adminSdkConfig {"projectId":"lovethyneighbor-958d5","storageBucket":"lovethyneighbor-958d5.appspot.com"}
[info] i  functions: Watching "/Users/Hawley/Development/code/love-thy-neighbor/functions" for Cloud Functions... {"metadata":{"emulator":{"name":"functions"},"message":"Watching \"/Users/Hawley/Development/code/love-thy-neighbor/functions\" for Cloud Functions..."}}
[debug] [2021-05-14T15:23:37.518Z] [worker-pool] addWorker(~diagnostic~) {"metadata":{"emulator":{"name":"functions"},"message":"[worker-pool] addWorker(~diagnostic~)"}}
[debug] [2021-05-14T15:23:37.519Z] [worker-pool] Adding worker with key ~diagnostic~, total=1 {"metadata":{"emulator":{"name":"functions"},"message":"[worker-pool] Adding worker with key ~diagnostic~, total=1"}}
[debug] [2021-05-14T15:23:37.519Z] [worker-pool] submitWork(triggerId=) {"metadata":{"emulator":{"name":"functions"},"message":"[worker-pool] submitWork(triggerId=)"}}
[debug] [2021-05-14T15:23:37.520Z] [worker-~diagnostic~-15c2976a-c400-4f8b-af86-1ffbc346e07f]: Assigning socketPath: /var/folders/th/whzvf3zx3j1bm12tg2r9_lyh0000gn/T/fire_emu_5049.sock {"metadata":{"emulator":{"name":"functions"},"message":"[worker-~diagnostic~-15c2976a-c400-4f8b-af86-1ffbc346e07f]: Assigning socketPath: /var/folders/th/whzvf3zx3j1bm12tg2r9_lyh0000gn/T/fire_emu_5049.sock"}}
[debug] [2021-05-14T15:23:37.520Z] [worker-~diagnostic~-15c2976a-c400-4f8b-af86-1ffbc346e07f]: BUSY {"metadata":{"emulator":{"name":"functions"},"message":"[worker-~diagnostic~-15c2976a-c400-4f8b-af86-1ffbc346e07f]: BUSY"}}
[debug] [2021-05-14T15:23:38.000Z] [runtime-status] [5049] Functions runtime initialized. {"cwd":"/Users/Hawley/Development/code/love-thy-neighbor/functions","node_version":"14.4.0"} {"metadata":{"emulator":{"name":"functions"},"message":"[runtime-status] [5049] Functions runtime initialized. {\"cwd\":\"/Users/Hawley/Development/code/love-thy-neighbor/functions\",\"node_version\":\"14.4.0\"}"}}
[debug] [2021-05-14T15:23:38.003Z] [runtime-status] [5049] Disabled runtime features: undefined {"metadata":{"emulator":{"name":"functions"},"message":"[runtime-status] [5049] Disabled runtime features: undefined"}}
[debug] [2021-05-14T15:23:38.009Z] [runtime-status] [5049] Resolved module firebase-admin {"declared":true,"installed":true,"version":"9.7.0","resolution":"/Users/Hawley/Development/code/love-thy-neighbor/functions/node_modules/firebase-admin/lib/index.js"} {"metadata":{"emulator":{"name":"functions"},"message":"[runtime-status] [5049] Resolved module firebase-admin {\"declared\":true,\"installed\":true,\"version\":\"9.7.0\",\"resolution\":\"/Users/Hawley/Development/code/love-thy-neighbor/functions/node_modules/firebase-admin/lib/index.js\"}"}}
[debug] [2021-05-14T15:23:38.014Z] [runtime-status] [5049] Resolved module firebase-functions {"declared":true,"installed":true,"version":"3.13.2","resolution":"/Users/Hawley/Development/code/love-thy-neighbor/functions/node_modules/firebase-functions/lib/index.js"} {"metadata":{"emulator":{"name":"functions"},"message":"[runtime-status] [5049] Resolved module firebase-functions {\"declared\":true,\"installed\":true,\"version\":\"3.13.2\",\"resolution\":\"/Users/Hawley/Development/code/love-thy-neighbor/functions/node_modules/firebase-functions/lib/index.js\"}"}}
[debug] [2021-05-14T15:23:38.017Z] [runtime-status] [5049] Found local functions config: /Users/Hawley/Development/code/love-thy-neighbor/functions/.runtimeconfig.json {"metadata":{"emulator":{"name":"functions"},"message":"[runtime-status] [5049] Found local functions config: /Users/Hawley/Development/code/love-thy-neighbor/functions/.runtimeconfig.json"}}
[debug] [2021-05-14T15:23:38.018Z] [runtime-status] [5049] Resolved module firebase-functions {"declared":true,"installed":true,"version":"3.13.2","resolution":"/Users/Hawley/Development/code/love-thy-neighbor/functions/node_modules/firebase-functions/lib/index.js"} {"metadata":{"emulator":{"name":"functions"},"message":"[runtime-status] [5049] Resolved module firebase-functions {\"declared\":true,\"installed\":true,\"version\":\"3.13.2\",\"resolution\":\"/Users/Hawley/Development/code/love-thy-neighbor/functions/node_modules/firebase-functions/lib/index.js\"}"}}
[debug] [2021-05-14T15:23:38.023Z] [runtime-status] [5049] Outgoing network have been stubbed. [{"name":"http","status":"mocked"},{"name":"http","status":"mocked"},{"name":"https","status":"mocked"},{"name":"https","status":"mocked"},{"name":"net","status":"mocked"}] {"metadata":{"emulator":{"name":"functions"},"message":"[runtime-status] [5049] Outgoing network have been stubbed. [{\"name\":\"http\",\"status\":\"mocked\"},{\"name\":\"http\",\"status\":\"mocked\"},{\"name\":\"https\",\"status\":\"mocked\"},{\"name\":\"https\",\"status\":\"mocked\"},{\"name\":\"net\",\"status\":\"mocked\"}]"}}
[debug] [2021-05-14T15:23:38.027Z] [runtime-status] [5049] Resolved module firebase-functions {"declared":true,"installed":true,"version":"3.13.2","resolution":"/Users/Hawley/Development/code/love-thy-neighbor/functions/node_modules/firebase-functions/lib/index.js"} {"metadata":{"emulator":{"name":"functions"},"message":"[runtime-status] [5049] Resolved module firebase-functions {\"declared\":true,\"installed\":true,\"version\":\"3.13.2\",\"resolution\":\"/Users/Hawley/Development/code/love-thy-neighbor/functions/node_modules/firebase-functions/lib/index.js\"}"}}
[debug] [2021-05-14T15:23:38.143Z] [runtime-status] [5049] Checked functions.config() {"config":{"stripe":{"secret_key":"sk_test_51IiWZJGExIoC1DPA21AJ7uINUtrkQuMES4ZkKaUhKQhpN8Y57YxEkosEin8TSeJN702rzVHSFH7hctxH2pnUxwld008W1PH2xc"}}} {"metadata":{"emulator":{"name":"functions"},"message":"[runtime-status] [5049] Checked functions.config() {\"config\":{\"stripe\":{\"secret_key\":\"sk_test_51IiWZJGExIoC1DPA21AJ7uINUtrkQuMES4ZkKaUhKQhpN8Y57YxEkosEin8TSeJN702rzVHSFH7hctxH2pnUxwld008W1PH2xc\"}}}"}}
[debug] [2021-05-14T15:23:38.143Z] [runtime-status] [5049] firebase-functions has been stubbed. {"functionsResolution":{"declared":true,"installed":true,"version":"3.13.2","resolution":"/Users/Hawley/Development/code/love-thy-neighbor/functions/node_modules/firebase-functions/lib/index.js"}} {"metadata":{"emulator":{"name":"functions"},"message":"[runtime-status] [5049] firebase-functions has been stubbed. {\"functionsResolution\":{\"declared\":true,\"installed\":true,\"version\":\"3.13.2\",\"resolution\":\"/Users/Hawley/Development/code/love-thy-neighbor/functions/node_modules/firebase-functions/lib/index.js\"}}"}}
[debug] [2021-05-14T15:23:38.144Z] [runtime-status] [5049] Resolved module firebase-functions {"declared":true,"installed":true,"version":"3.13.2","resolution":"/Users/Hawley/Development/code/love-thy-neighbor/functions/node_modules/firebase-functions/lib/index.js"} {"metadata":{"emulator":{"name":"functions"},"message":"[runtime-status] [5049] Resolved module firebase-functions {\"declared\":true,\"installed\":true,\"version\":\"3.13.2\",\"resolution\":\"/Users/Hawley/Development/code/love-thy-neighbor/functions/node_modules/firebase-functions/lib/index.js\"}"}}
[debug] [2021-05-14T15:23:38.146Z] [runtime-status] [5049] Resolved module firebase-admin {"declared":true,"installed":true,"version":"9.7.0","resolution":"/Users/Hawley/Development/code/love-thy-neighbor/functions/node_modules/firebase-admin/lib/index.js"} {"metadata":{"emulator":{"name":"functions"},"message":"[runtime-status] [5049] Resolved module firebase-admin {\"declared\":true,\"installed\":true,\"version\":\"9.7.0\",\"resolution\":\"/Users/Hawley/Development/code/love-thy-neighbor/functions/node_modules/firebase-admin/lib/index.js\"}"}}
[debug] [2021-05-14T15:23:38.146Z] [runtime-status] [5049] Resolved module firebase-functions {"declared":true,"installed":true,"version":"3.13.2","resolution":"/Users/Hawley/Development/code/love-thy-neighbor/functions/node_modules/firebase-functions/lib/index.js"} {"metadata":{"emulator":{"name":"functions"},"message":"[runtime-status] [5049] Resolved module firebase-functions {\"declared\":true,\"installed\":true,\"version\":\"3.13.2\",\"resolution\":\"/Users/Hawley/Development/code/love-thy-neighbor/functions/node_modules/firebase-functions/lib/index.js\"}"}}
[debug] [2021-05-14T15:23:38.147Z] [runtime-status] [5049] firebase-admin has been stubbed. {"adminResolution":{"declared":true,"installed":true,"version":"9.7.0","resolution":"/Users/Hawley/Development/code/love-thy-neighbor/functions/node_modules/firebase-admin/lib/index.js"}} {"metadata":{"emulator":{"name":"functions"},"message":"[runtime-status] [5049] firebase-admin has been stubbed. {\"adminResolution\":{\"declared\":true,\"installed\":true,\"version\":\"9.7.0\",\"resolution\":\"/Users/Hawley/Development/code/love-thy-neighbor/functions/node_modules/firebase-admin/lib/index.js\"}}"}}
[info] ✔  functions[createStripeCheckout]: http function initialized (http://localhost:5000/lovethyneighbor-958d5/us-central1/createStripeCheckout). {"metadata":{"emulator":{"name":"functions"},"message":"\u001b[1mhttp\u001b[22m function initialized (http://localhost:5000/lovethyneighbor-958d5/us-central1/createStripeCheckout)."}}
[debug] [2021-05-14T15:23:38.627Z] [worker-~diagnostic~-15c2976a-c400-4f8b-af86-1ffbc346e07f]: IDLE {"metadata":{"emulator":{"name":"functions"},"message":"[worker-~diagnostic~-15c2976a-c400-4f8b-af86-1ffbc346e07f]: IDLE"}}
[debug] [2021-05-14T15:25:50.081Z] [work-queue] {"queueLength":1,"workRunningCount":0}
[debug] [2021-05-14T15:25:50.087Z] [work-queue] {"queueLength":0,"workRunningCount":1}
[debug] [2021-05-14T15:25:50.090Z] Accepted request OPTIONS /lovethyneighbor-958d5/us-central1/createStripeCheckout/payments/create --> createStripeCheckout
[debug] [2021-05-14T15:25:50.150Z] [worker-pool] addWorker(createStripeCheckout) {"metadata":{"emulator":{"name":"functions"},"message":"[worker-pool] addWorker(createStripeCheckout)"}}
[debug] [2021-05-14T15:25:50.151Z] [worker-pool] Adding worker with key createStripeCheckout, total=1 {"metadata":{"emulator":{"name":"functions"},"message":"[worker-pool] Adding worker with key createStripeCheckout, total=1"}}
[debug] [2021-05-14T15:25:50.151Z] [worker-pool] submitWork(triggerId=createStripeCheckout) {"metadata":{"emulator":{"name":"functions"},"message":"[worker-pool] submitWork(triggerId=createStripeCheckout)"}}
[debug] [2021-05-14T15:25:50.154Z] [worker-createStripeCheckout-b9bf1eec-a78b-4bb5-8b0b-371cc6bc7610]: Assigning socketPath: /var/folders/th/whzvf3zx3j1bm12tg2r9_lyh0000gn/T/fire_emu_5138.sock {"metadata":{"emulator":{"name":"functions"},"message":"[worker-createStripeCheckout-b9bf1eec-a78b-4bb5-8b0b-371cc6bc7610]: Assigning socketPath: /var/folders/th/whzvf3zx3j1bm12tg2r9_lyh0000gn/T/fire_emu_5138.sock"}}
[debug] [2021-05-14T15:25:50.154Z] [worker-createStripeCheckout-b9bf1eec-a78b-4bb5-8b0b-371cc6bc7610]: BUSY {"metadata":{"emulator":{"name":"functions"},"message":"[worker-createStripeCheckout-b9bf1eec-a78b-4bb5-8b0b-371cc6bc7610]: BUSY"}}
[debug] [2021-05-14T15:25:50.733Z] [runtime-status] [5138] Functions runtime initialized. {"cwd":"/Users/Hawley/Development/code/love-thy-neighbor/functions","node_version":"14.4.0"} {"metadata":{"emulator":{"name":"functions"},"function":{"name":"createStripeCheckout"},"message":"[runtime-status] [5138] Functions runtime initialized. {\"cwd\":\"/Users/Hawley/Development/code/love-thy-neighbor/functions\",\"node_version\":\"14.4.0\"}"}}
[debug] [2021-05-14T15:25:50.733Z] [runtime-status] [5138] Disabled runtime features: undefined {"metadata":{"emulator":{"name":"functions"},"function":{"name":"createStripeCheckout"},"message":"[runtime-status] [5138] Disabled runtime features: undefined"}}
[debug] [2021-05-14T15:25:50.740Z] [runtime-status] [5138] Resolved module firebase-admin {"declared":true,"installed":true,"version":"9.7.0","resolution":"/Users/Hawley/Development/code/love-thy-neighbor/functions/node_modules/firebase-admin/lib/index.js"} {"metadata":{"emulator":{"name":"functions"},"function":{"name":"createStripeCheckout"},"message":"[runtime-status] [5138] Resolved module firebase-admin {\"declared\":true,\"installed\":true,\"version\":\"9.7.0\",\"resolution\":\"/Users/Hawley/Development/code/love-thy-neighbor/functions/node_modules/firebase-admin/lib/index.js\"}"}}
[debug] [2021-05-14T15:25:50.742Z] [runtime-status] [5138] Resolved module firebase-functions {"declared":true,"installed":true,"version":"3.13.2","resolution":"/Users/Hawley/Development/code/love-thy-neighbor/functions/node_modules/firebase-functions/lib/index.js"} {"metadata":{"emulator":{"name":"functions"},"function":{"name":"createStripeCheckout"},"message":"[runtime-status] [5138] Resolved module firebase-functions {\"declared\":true,\"installed\":true,\"version\":\"3.13.2\",\"resolution\":\"/Users/Hawley/Development/code/love-thy-neighbor/functions/node_modules/firebase-functions/lib/index.js\"}"}}
[debug] [2021-05-14T15:25:50.745Z] [runtime-status] [5138] Found local functions config: /Users/Hawley/Development/code/love-thy-neighbor/functions/.runtimeconfig.json {"metadata":{"emulator":{"name":"functions"},"function":{"name":"createStripeCheckout"},"message":"[runtime-status] [5138] Found local functions config: /Users/Hawley/Development/code/love-thy-neighbor/functions/.runtimeconfig.json"}}
[debug] [2021-05-14T15:25:50.746Z] [runtime-status] [5138] Resolved module firebase-functions {"declared":true,"installed":true,"version":"3.13.2","resolution":"/Users/Hawley/Development/code/love-thy-neighbor/functions/node_modules/firebase-functions/lib/index.js"} {"metadata":{"emulator":{"name":"functions"},"function":{"name":"createStripeCheckout"},"message":"[runtime-status] [5138] Resolved module firebase-functions {\"declared\":true,\"installed\":true,\"version\":\"3.13.2\",\"resolution\":\"/Users/Hawley/Development/code/love-thy-neighbor/functions/node_modules/firebase-functions/lib/index.js\"}"}}
[debug] [2021-05-14T15:25:50.748Z] [runtime-status] [5138] Outgoing network have been stubbed. [{"name":"http","status":"mocked"},{"name":"http","status":"mocked"},{"name":"https","status":"mocked"},{"name":"https","status":"mocked"},{"name":"net","status":"mocked"}] {"metadata":{"emulator":{"name":"functions"},"function":{"name":"createStripeCheckout"},"message":"[runtime-status] [5138] Outgoing network have been stubbed. [{\"name\":\"http\",\"status\":\"mocked\"},{\"name\":\"http\",\"status\":\"mocked\"},{\"name\":\"https\",\"status\":\"mocked\"},{\"name\":\"https\",\"status\":\"mocked\"},{\"name\":\"net\",\"status\":\"mocked\"}]"}}
[debug] [2021-05-14T15:25:50.749Z] [runtime-status] [5138] Resolved module firebase-functions {"declared":true,"installed":true,"version":"3.13.2","resolution":"/Users/Hawley/Development/code/love-thy-neighbor/functions/node_modules/firebase-functions/lib/index.js"} {"metadata":{"emulator":{"name":"functions"},"function":{"name":"createStripeCheckout"},"message":"[runtime-status] [5138] Resolved module firebase-functions {\"declared\":true,\"installed\":true,\"version\":\"3.13.2\",\"resolution\":\"/Users/Hawley/Development/code/love-thy-neighbor/functions/node_modules/firebase-functions/lib/index.js\"}"}}
[debug] [2021-05-14T15:25:50.828Z] [runtime-status] [5138] Checked functions.config() {"config":{"stripe":{"secret_key":"sk_test_51IiWZJGExIoC1DPA21AJ7uINUtrkQuMES4ZkKaUhKQhpN8Y57YxEkosEin8TSeJN702rzVHSFH7hctxH2pnUxwld008W1PH2xc"}}} {"metadata":{"emulator":{"name":"functions"},"function":{"name":"createStripeCheckout"},"message":"[runtime-status] [5138] Checked functions.config() {\"config\":{\"stripe\":{\"secret_key\":\"sk_test_51IiWZJGExIoC1DPA21AJ7uINUtrkQuMES4ZkKaUhKQhpN8Y57YxEkosEin8TSeJN702rzVHSFH7hctxH2pnUxwld008W1PH2xc\"}}}"}}
[debug] [2021-05-14T15:25:50.829Z] [runtime-status] [5138] firebase-functions has been stubbed. {"functionsResolution":{"declared":true,"installed":true,"version":"3.13.2","resolution":"/Users/Hawley/Development/code/love-thy-neighbor/functions/node_modules/firebase-functions/lib/index.js"}} {"metadata":{"emulator":{"name":"functions"},"function":{"name":"createStripeCheckout"},"message":"[runtime-status] [5138] firebase-functions has been stubbed. {\"functionsResolution\":{\"declared\":true,\"installed\":true,\"version\":\"3.13.2\",\"resolution\":\"/Users/Hawley/Development/code/love-thy-neighbor/functions/node_modules/firebase-functions/lib/index.js\"}}"}}
[debug] [2021-05-14T15:25:50.830Z] [runtime-status] [5138] Resolved module firebase-functions {"declared":true,"installed":true,"version":"3.13.2","resolution":"/Users/Hawley/Development/code/love-thy-neighbor/functions/node_modules/firebase-functions/lib/index.js"} {"metadata":{"emulator":{"name":"functions"},"function":{"name":"createStripeCheckout"},"message":"[runtime-status] [5138] Resolved module firebase-functions {\"declared\":true,\"installed\":true,\"version\":\"3.13.2\",\"resolution\":\"/Users/Hawley/Development/code/love-thy-neighbor/functions/node_modules/firebase-functions/lib/index.js\"}"}}
[debug] [2021-05-14T15:25:50.832Z] [runtime-status] [5138] Resolved module firebase-admin {"declared":true,"installed":true,"version":"9.7.0","resolution":"/Users/Hawley/Development/code/love-thy-neighbor/functions/node_modules/firebase-admin/lib/index.js"} {"metadata":{"emulator":{"name":"functions"},"function":{"name":"createStripeCheckout"},"message":"[runtime-status] [5138] Resolved module firebase-admin {\"declared\":true,\"installed\":true,\"version\":\"9.7.0\",\"resolution\":\"/Users/Hawley/Development/code/love-thy-neighbor/functions/node_modules/firebase-admin/lib/index.js\"}"}}
[debug] [2021-05-14T15:25:50.833Z] [runtime-status] [5138] Resolved module firebase-functions {"declared":true,"installed":true,"version":"3.13.2","resolution":"/Users/Hawley/Development/code/love-thy-neighbor/functions/node_modules/firebase-functions/lib/index.js"} {"metadata":{"emulator":{"name":"functions"},"function":{"name":"createStripeCheckout"},"message":"[runtime-status] [5138] Resolved module firebase-functions {\"declared\":true,\"installed\":true,\"version\":\"3.13.2\",\"resolution\":\"/Users/Hawley/Development/code/love-thy-neighbor/functions/node_modules/firebase-functions/lib/index.js\"}"}}
[debug] [2021-05-14T15:25:50.833Z] [runtime-status] [5138] firebase-admin has been stubbed. {"adminResolution":{"declared":true,"installed":true,"version":"9.7.0","resolution":"/Users/Hawley/Development/code/love-thy-neighbor/functions/node_modules/firebase-admin/lib/index.js"}} {"metadata":{"emulator":{"name":"functions"},"function":{"name":"createStripeCheckout"},"message":"[runtime-status] [5138] firebase-admin has been stubbed. {\"adminResolution\":{\"declared\":true,\"installed\":true,\"version\":\"9.7.0\",\"resolution\":\"/Users/Hawley/Development/code/love-thy-neighbor/functions/node_modules/firebase-admin/lib/index.js\"}}"}}
[debug] [2021-05-14T15:25:51.154Z] [runtime-status] [5138] Trigger "createStripeCheckout" has been found, beginning invocation! {"metadata":{"emulator":{"name":"functions"},"function":{"name":"createStripeCheckout"},"message":"[runtime-status] [5138] Trigger \"createStripeCheckout\" has been found, beginning invocation!"}}
[info] i  functions: Beginning execution of "createStripeCheckout" {"metadata":{"emulator":{"name":"functions"},"function":{"name":"createStripeCheckout"},"message":"Beginning execution of \"createStripeCheckout\""}}
[debug] [2021-05-14T15:25:51.157Z] [runtime-status] [5138] triggerDefinition {"httpsTrigger":{},"name":"createStripeCheckout","entryPoint":"createStripeCheckout"} {"metadata":{"emulator":{"name":"functions"},"function":{"name":"createStripeCheckout"},"message":"[runtime-status] [5138] triggerDefinition {\"httpsTrigger\":{},\"name\":\"createStripeCheckout\",\"entryPoint\":\"createStripeCheckout\"}"}}
[debug] [2021-05-14T15:25:51.157Z] [runtime-status] [5138] Running createStripeCheckout in mode HTTPS {"metadata":{"emulator":{"name":"functions"},"function":{"name":"createStripeCheckout"},"message":"[runtime-status] [5138] Running createStripeCheckout in mode HTTPS"}}
[debug] [2021-05-14T15:25:51.159Z] [runtime-status] [5138] Attempting to listen to socketPath: /var/folders/th/whzvf3zx3j1bm12tg2r9_lyh0000gn/T/fire_emu_5138.sock {"metadata":{"emulator":{"name":"functions"},"function":{"name":"createStripeCheckout"},"message":"[runtime-status] [5138] Attempting to listen to socketPath: /var/folders/th/whzvf3zx3j1bm12tg2r9_lyh0000gn/T/fire_emu_5138.sock"}}
[debug] [2021-05-14T15:25:51.166Z] [functions] Runtime ready! Sending request! {"metadata":{"emulator":{"name":"functions"},"message":"[functions] Runtime ready! Sending request!"}}
[debug] [2021-05-14T15:25:51.170Z] [functions] Got req.url=/lovethyneighbor-958d5/us-central1/createStripeCheckout/payments/create, mapping to path=/payments/create {"metadata":{"emulator":{"name":"functions"},"message":"[functions] Got req.url=/lovethyneighbor-958d5/us-central1/createStripeCheckout/payments/create, mapping to path=/payments/create"}}
[debug] [2021-05-14T15:25:51.185Z] [runtime-status] [5138] Ephemeral server handling OPTIONS request {"metadata":{"emulator":{"name":"functions"},"function":{"name":"createStripeCheckout"},"message":"[runtime-status] [5138] Ephemeral server handling OPTIONS request"}}
[debug] [2021-05-14T15:25:51.198Z] [runtime-status] [5138] Ephemeral server survived. {"metadata":{"emulator":{"name":"functions"},"function":{"name":"createStripeCheckout"},"message":"[runtime-status] [5138] Ephemeral server survived."}}
[debug] [2021-05-14T15:25:51.211Z] [work-queue] {"queueLength":1,"workRunningCount":1}
[debug] [2021-05-14T15:25:51.211Z] [work-queue] {"queueLength":0,"workRunningCount":2}
[debug] [2021-05-14T15:25:51.211Z] Accepted request POST /lovethyneighbor-958d5/us-central1/createStripeCheckout/payments/create --> createStripeCheckout
[debug] [2021-05-14T15:25:51.220Z] [worker-pool] addWorker(createStripeCheckout) {"metadata":{"emulator":{"name":"functions"},"message":"[worker-pool] addWorker(createStripeCheckout)"}}
[debug] [2021-05-14T15:25:51.220Z] [worker-pool] Adding worker with key createStripeCheckout, total=2 {"metadata":{"emulator":{"name":"functions"},"message":"[worker-pool] Adding worker with key createStripeCheckout, total=2"}}
[debug] [2021-05-14T15:25:51.220Z] [worker-pool] submitWork(triggerId=createStripeCheckout) {"metadata":{"emulator":{"name":"functions"},"message":"[worker-pool] submitWork(triggerId=createStripeCheckout)"}}
[debug] [2021-05-14T15:25:51.220Z] [worker-createStripeCheckout-3cec623b-5c3a-4052-8c17-db03adbca672]: Assigning socketPath: /var/folders/th/whzvf3zx3j1bm12tg2r9_lyh0000gn/T/fire_emu_5140.sock {"metadata":{"emulator":{"name":"functions"},"message":"[worker-createStripeCheckout-3cec623b-5c3a-4052-8c17-db03adbca672]: Assigning socketPath: /var/folders/th/whzvf3zx3j1bm12tg2r9_lyh0000gn/T/fire_emu_5140.sock"}}
[debug] [2021-05-14T15:25:51.221Z] [worker-createStripeCheckout-3cec623b-5c3a-4052-8c17-db03adbca672]: BUSY {"metadata":{"emulator":{"name":"functions"},"message":"[worker-createStripeCheckout-3cec623b-5c3a-4052-8c17-db03adbca672]: BUSY"}}
[info] i  functions: Finished "createStripeCheckout" in ~1s {"metadata":{"emulator":{"name":"functions"},"function":{"name":"createStripeCheckout"},"message":"Finished \"createStripeCheckout\" in ~1s"}}
[debug] [2021-05-14T15:25:51.222Z] [worker-createStripeCheckout-b9bf1eec-a78b-4bb5-8b0b-371cc6bc7610]: IDLE {"metadata":{"emulator":{"name":"functions"},"message":"[worker-createStripeCheckout-b9bf1eec-a78b-4bb5-8b0b-371cc6bc7610]: IDLE"}}
[debug] [2021-05-14T15:25:51.223Z] [work-queue] {"queueLength":0,"workRunningCount":1}
[debug] [2021-05-14T15:25:51.507Z] [runtime-status] [5140] Functions runtime initialized. {"cwd":"/Users/Hawley/Development/code/love-thy-neighbor/functions","node_version":"14.4.0"} {"metadata":{"emulator":{"name":"functions"},"function":{"name":"createStripeCheckout"},"message":"[runtime-status] [5140] Functions runtime initialized. {\"cwd\":\"/Users/Hawley/Development/code/love-thy-neighbor/functions\",\"node_version\":\"14.4.0\"}"}}
[debug] [2021-05-14T15:25:51.509Z] [runtime-status] [5140] Disabled runtime features: undefined {"metadata":{"emulator":{"name":"functions"},"function":{"name":"createStripeCheckout"},"message":"[runtime-status] [5140] Disabled runtime features: undefined"}}
[debug] [2021-05-14T15:25:51.512Z] [runtime-status] [5140] Resolved module firebase-admin {"declared":true,"installed":true,"version":"9.7.0","resolution":"/Users/Hawley/Development/code/love-thy-neighbor/functions/node_modules/firebase-admin/lib/index.js"} {"metadata":{"emulator":{"name":"functions"},"function":{"name":"createStripeCheckout"},"message":"[runtime-status] [5140] Resolved module firebase-admin {\"declared\":true,\"installed\":true,\"version\":\"9.7.0\",\"resolution\":\"/Users/Hawley/Development/code/love-thy-neighbor/functions/node_modules/firebase-admin/lib/index.js\"}"}}
[debug] [2021-05-14T15:25:51.513Z] [runtime-status] [5140] Resolved module firebase-functions {"declared":true,"installed":true,"version":"3.13.2","resolution":"/Users/Hawley/Development/code/love-thy-neighbor/functions/node_modules/firebase-functions/lib/index.js"} {"metadata":{"emulator":{"name":"functions"},"function":{"name":"createStripeCheckout"},"message":"[runtime-status] [5140] Resolved module firebase-functions {\"declared\":true,\"installed\":true,\"version\":\"3.13.2\",\"resolution\":\"/Users/Hawley/Development/code/love-thy-neighbor/functions/node_modules/firebase-functions/lib/index.js\"}"}}
[debug] [2021-05-14T15:25:51.518Z] [runtime-status] [5140] Found local functions config: /Users/Hawley/Development/code/love-thy-neighbor/functions/.runtimeconfig.json {"metadata":{"emulator":{"name":"functions"},"function":{"name":"createStripeCheckout"},"message":"[runtime-status] [5140] Found local functions config: /Users/Hawley/Development/code/love-thy-neighbor/functions/.runtimeconfig.json"}}
[debug] [2021-05-14T15:25:51.519Z] [runtime-status] [5140] Resolved module firebase-functions {"declared":true,"installed":true,"version":"3.13.2","resolution":"/Users/Hawley/Development/code/love-thy-neighbor/functions/node_modules/firebase-functions/lib/index.js"} {"metadata":{"emulator":{"name":"functions"},"function":{"name":"createStripeCheckout"},"message":"[runtime-status] [5140] Resolved module firebase-functions {\"declared\":true,\"installed\":true,\"version\":\"3.13.2\",\"resolution\":\"/Users/Hawley/Development/code/love-thy-neighbor/functions/node_modules/firebase-functions/lib/index.js\"}"}}
[debug] [2021-05-14T15:25:51.521Z] [runtime-status] [5140] Outgoing network have been stubbed. [{"name":"http","status":"mocked"},{"name":"http","status":"mocked"},{"name":"https","status":"mocked"},{"name":"https","status":"mocked"},{"name":"net","status":"mocked"}] {"metadata":{"emulator":{"name":"functions"},"function":{"name":"createStripeCheckout"},"message":"[runtime-status] [5140] Outgoing network have been stubbed. [{\"name\":\"http\",\"status\":\"mocked\"},{\"name\":\"http\",\"status\":\"mocked\"},{\"name\":\"https\",\"status\":\"mocked\"},{\"name\":\"https\",\"status\":\"mocked\"},{\"name\":\"net\",\"status\":\"mocked\"}]"}}
[debug] [2021-05-14T15:25:51.522Z] [runtime-status] [5140] Resolved module firebase-functions {"declared":true,"installed":true,"version":"3.13.2","resolution":"/Users/Hawley/Development/code/love-thy-neighbor/functions/node_modules/firebase-functions/lib/index.js"} {"metadata":{"emulator":{"name":"functions"},"function":{"name":"createStripeCheckout"},"message":"[runtime-status] [5140] Resolved module firebase-functions {\"declared\":true,\"installed\":true,\"version\":\"3.13.2\",\"resolution\":\"/Users/Hawley/Development/code/love-thy-neighbor/functions/node_modules/firebase-functions/lib/index.js\"}"}}
[debug] [2021-05-14T15:25:51.571Z] [runtime-status] [5140] Checked functions.config() {"config":{"stripe":{"secret_key":"sk_test_51IiWZJGExIoC1DPA21AJ7uINUtrkQuMES4ZkKaUhKQhpN8Y57YxEkosEin8TSeJN702rzVHSFH7hctxH2pnUxwld008W1PH2xc"}}} {"metadata":{"emulator":{"name":"functions"},"function":{"name":"createStripeCheckout"},"message":"[runtime-status] [5140] Checked functions.config() {\"config\":{\"stripe\":{\"secret_key\":\"sk_test_51IiWZJGExIoC1DPA21AJ7uINUtrkQuMES4ZkKaUhKQhpN8Y57YxEkosEin8TSeJN702rzVHSFH7hctxH2pnUxwld008W1PH2xc\"}}}"}}
[debug] [2021-05-14T15:25:51.572Z] [runtime-status] [5140] firebase-functions has been stubbed. {"functionsResolution":{"declared":true,"installed":true,"version":"3.13.2","resolution":"/Users/Hawley/Development/code/love-thy-neighbor/functions/node_modules/firebase-functions/lib/index.js"}} {"metadata":{"emulator":{"name":"functions"},"function":{"name":"createStripeCheckout"},"message":"[runtime-status] [5140] firebase-functions has been stubbed. {\"functionsResolution\":{\"declared\":true,\"installed\":true,\"version\":\"3.13.2\",\"resolution\":\"/Users/Hawley/Development/code/love-thy-neighbor/functions/node_modules/firebase-functions/lib/index.js\"}}"}}
[debug] [2021-05-14T15:25:51.572Z] [runtime-status] [5140] Resolved module firebase-functions {"declared":true,"installed":true,"version":"3.13.2","resolution":"/Users/Hawley/Development/code/love-thy-neighbor/functions/node_modules/firebase-functions/lib/index.js"} {"metadata":{"emulator":{"name":"functions"},"function":{"name":"createStripeCheckout"},"message":"[runtime-status] [5140] Resolved module firebase-functions {\"declared\":true,\"installed\":true,\"version\":\"3.13.2\",\"resolution\":\"/Users/Hawley/Development/code/love-thy-neighbor/functions/node_modules/firebase-functions/lib/index.js\"}"}}
[debug] [2021-05-14T15:25:51.578Z] [runtime-status] [5140] Resolved module firebase-admin {"declared":true,"installed":true,"version":"9.7.0","resolution":"/Users/Hawley/Development/code/love-thy-neighbor/functions/node_modules/firebase-admin/lib/index.js"} {"metadata":{"emulator":{"name":"functions"},"function":{"name":"createStripeCheckout"},"message":"[runtime-status] [5140] Resolved module firebase-admin {\"declared\":true,\"installed\":true,\"version\":\"9.7.0\",\"resolution\":\"/Users/Hawley/Development/code/love-thy-neighbor/functions/node_modules/firebase-admin/lib/index.js\"}"}}
[debug] [2021-05-14T15:25:51.578Z] [runtime-status] [5140] Resolved module firebase-functions {"declared":true,"installed":true,"version":"3.13.2","resolution":"/Users/Hawley/Development/code/love-thy-neighbor/functions/node_modules/firebase-functions/lib/index.js"} {"metadata":{"emulator":{"name":"functions"},"function":{"name":"createStripeCheckout"},"message":"[runtime-status] [5140] Resolved module firebase-functions {\"declared\":true,\"installed\":true,\"version\":\"3.13.2\",\"resolution\":\"/Users/Hawley/Development/code/love-thy-neighbor/functions/node_modules/firebase-functions/lib/index.js\"}"}}
[debug] [2021-05-14T15:25:51.578Z] [runtime-status] [5140] firebase-admin has been stubbed. {"adminResolution":{"declared":true,"installed":true,"version":"9.7.0","resolution":"/Users/Hawley/Development/code/love-thy-neighbor/functions/node_modules/firebase-admin/lib/index.js"}} {"metadata":{"emulator":{"name":"functions"},"function":{"name":"createStripeCheckout"},"message":"[runtime-status] [5140] firebase-admin has been stubbed. {\"adminResolution\":{\"declared\":true,\"installed\":true,\"version\":\"9.7.0\",\"resolution\":\"/Users/Hawley/Development/code/love-thy-neighbor/functions/node_modules/firebase-admin/lib/index.js\"}}"}}
[debug] [2021-05-14T15:25:51.782Z] [runtime-status] [5140] Trigger "createStripeCheckout" has been found, beginning invocation! {"metadata":{"emulator":{"name":"functions"},"function":{"name":"createStripeCheckout"},"message":"[runtime-status] [5140] Trigger \"createStripeCheckout\" has been found, beginning invocation!"}}
[info] i  functions: Beginning execution of "createStripeCheckout" {"metadata":{"emulator":{"name":"functions"},"function":{"name":"createStripeCheckout"},"message":"Beginning execution of \"createStripeCheckout\""}}
[debug] [2021-05-14T15:25:51.786Z] [runtime-status] [5140] triggerDefinition {"httpsTrigger":{},"name":"createStripeCheckout","entryPoint":"createStripeCheckout"} {"metadata":{"emulator":{"name":"functions"},"function":{"name":"createStripeCheckout"},"message":"[runtime-status] [5140] triggerDefinition {\"httpsTrigger\":{},\"name\":\"createStripeCheckout\",\"entryPoint\":\"createStripeCheckout\"}"}}
[debug] [2021-05-14T15:25:51.786Z] [runtime-status] [5140] Running createStripeCheckout in mode HTTPS {"metadata":{"emulator":{"name":"functions"},"function":{"name":"createStripeCheckout"},"message":"[runtime-status] [5140] Running createStripeCheckout in mode HTTPS"}}
[debug] [2021-05-14T15:25:51.788Z] [runtime-status] [5140] Attempting to listen to socketPath: /var/folders/th/whzvf3zx3j1bm12tg2r9_lyh0000gn/T/fire_emu_5140.sock {"metadata":{"emulator":{"name":"functions"},"function":{"name":"createStripeCheckout"},"message":"[runtime-status] [5140] Attempting to listen to socketPath: /var/folders/th/whzvf3zx3j1bm12tg2r9_lyh0000gn/T/fire_emu_5140.sock"}}
[debug] [2021-05-14T15:25:51.792Z] [functions] Runtime ready! Sending request! {"metadata":{"emulator":{"name":"functions"},"message":"[functions] Runtime ready! Sending request!"}}
[debug] [2021-05-14T15:25:51.792Z] [functions] Got req.url=/lovethyneighbor-958d5/us-central1/createStripeCheckout/payments/create, mapping to path=/payments/create {"metadata":{"emulator":{"name":"functions"},"message":"[functions] Got req.url=/lovethyneighbor-958d5/us-central1/createStripeCheckout/payments/create, mapping to path=/payments/create"}}
[debug] [2021-05-14T15:25:51.844Z] [runtime-status] [5140] Ephemeral server handling POST request {"metadata":{"emulator":{"name":"functions"},"function":{"name":"createStripeCheckout"},"message":"[runtime-status] [5140] Ephemeral server handling POST request"}}
[debug] [2021-05-14T15:25:51.862Z] [runtime-status] [5140] Ephemeral server survived. {"metadata":{"emulator":{"name":"functions"},"function":{"name":"createStripeCheckout"},"message":"[runtime-status] [5140] Ephemeral server survived."}}
[info] i  functions: Finished "createStripeCheckout" in ~2s {"metadata":{"emulator":{"name":"functions"},"function":{"name":"createStripeCheckout"},"message":"Finished \"createStripeCheckout\" in ~2s"}}
[debug] [2021-05-14T15:25:53.930Z] [worker-createStripeCheckout-3cec623b-5c3a-4052-8c17-db03adbca672]: IDLE {"metadata":{"emulator":{"name":"functions"},"message":"[worker-createStripeCheckout-3cec623b-5c3a-4052-8c17-db03adbca672]: IDLE"}}
[debug] [2021-05-14T15:25:53.931Z] [work-queue] {"queueLength":0,"workRunningCount":0}
